<?xml version="1.0" encoding="UTF-8"?>
<!-- Generated by org.testng.reporters.JUnitReportReporter -->
<testsuite skipped="0" hostname="TL1074" name="runner.Login" tests="1" failures="0" timestamp="2022-12-26T10:37:20 IST" time="11.654" errors="0">
  <testcase name="rundata" time="11.654" classname="runner.Login"/>
  <system-out/>
</testsuite> <!-- runner.Login -->
