<?xml version="1.0" encoding="UTF-8"?>
<!-- Generated by org.testng.reporters.JUnitReportReporter -->
<testsuite skipped="0" hostname="TL1074" name="extentreport.LearnExtentReport" tests="1" failures="0" timestamp="2022-12-26T12:08:30 IST" time="0.909" errors="0">
  <testcase name="reportdata" time="0.909" classname="extentreport.LearnExtentReport"/>
  <system-out/>
</testsuite> <!-- extentreport.LearnExtentReport -->
